0 info it worked if it ends with ok
1 verbose cli [ '/usr/bin/nodejs', '/usr/bin/npm', 'run', 'build' ]
2 info using npm@3.5.2
3 info using node@v4.2.6
4 verbose run-script [ 'prebuild', 'build', 'postbuild' ]
5 info lifecycle duolingros@1.0.0~prebuild: duolingros@1.0.0
6 silly lifecycle duolingros@1.0.0~prebuild: no script for prebuild, continuing
7 info lifecycle duolingros@1.0.0~build: duolingros@1.0.0
8 verbose lifecycle duolingros@1.0.0~build: unsafe-perm in lifecycle true
9 verbose lifecycle duolingros@1.0.0~build: PATH: /usr/share/npm/bin/node-gyp-bin:/home/simon/code/php/duolingros/node_modules/.bin:/Applications/MAMP/bin/php/php7.1.6/bin:/home/simon/matterhorn:./bin:/usr/local/bin:/usr/local/sbin:/home/simon/.dotfiles/bin:/home/simon/Dropbox/codingZ/go/bin:/Applications/MAMP/bin/php/php7.1.6/bin:/home/simon/matterhorn:/Applications/MAMP/bin/php/php7.1.6/bin:/home/simon/matterhorn:./bin:/usr/local/bin:/usr/local/sbin:/home/simon/.dotfiles/bin:/home/simon/Dropbox/codingZ/go/bin:/Applications/MAMP/bin/php/php7.1.6/bin:/home/simon/matterhorn:/Applications/MAMP/bin/php/php7.1.6/bin:/home/simon/matterhorn:/usr/local/sbin:/usr/local/bin:/usr/sbin:/usr/bin:/sbin:/bin:/usr/games:/usr/local/games:/snap/bin:/home/simon/.fzf/bin
10 verbose lifecycle duolingros@1.0.0~build: CWD: /home/simon/code/php/duolingros
11 silly lifecycle duolingros@1.0.0~build: Args: [ '-c', 'webpack' ]
12 silly lifecycle duolingros@1.0.0~build: Returned: code: 1  signal: null
13 info lifecycle duolingros@1.0.0~build: Failed to exec build script
14 verbose stack Error: duolingros@1.0.0 build: `webpack`
14 verbose stack Exit status 1
14 verbose stack     at EventEmitter.<anonymous> (/usr/share/npm/lib/utils/lifecycle.js:232:16)
14 verbose stack     at emitTwo (events.js:87:13)
14 verbose stack     at EventEmitter.emit (events.js:172:7)
14 verbose stack     at ChildProcess.<anonymous> (/usr/share/npm/lib/utils/spawn.js:24:14)
14 verbose stack     at emitTwo (events.js:87:13)
14 verbose stack     at ChildProcess.emit (events.js:172:7)
14 verbose stack     at maybeClose (internal/child_process.js:821:16)
14 verbose stack     at Process.ChildProcess._handle.onexit (internal/child_process.js:211:5)
15 verbose pkgid duolingros@1.0.0
16 verbose cwd /home/simon/code/php/duolingros
17 error Linux 4.4.0-130-generic
18 error argv "/usr/bin/nodejs" "/usr/bin/npm" "run" "build"
19 error node v4.2.6
20 error npm  v3.5.2
21 error code ELIFECYCLE
22 error duolingros@1.0.0 build: `webpack`
22 error Exit status 1
23 error Failed at the duolingros@1.0.0 build script 'webpack'.
23 error Make sure you have the latest version of node.js and npm installed.
23 error If you do, this is most likely a problem with the duolingros package,
23 error not with npm itself.
23 error Tell the author that this fails on your system:
23 error     webpack
23 error You can get information on how to open an issue for this project with:
23 error     npm bugs duolingros
23 error Or if that isn't available, you can get their info via:
23 error     npm owner ls duolingros
23 error There is likely additional logging output above.
24 verbose exit [ 1, true ]
